0 info it worked if it ends with ok
1 verbose cli [ '/usr/local/bin/node',
1 verbose cli   '/usr/local/bin/npm',
1 verbose cli   'version',
1 verbose cli   'patch' ]
2 info using npm@2.7.4
3 info using node@v0.12.2
4 info git [ 'status', '--porcelain' ]
5 verbose stack Error: Git working directory not clean.
5 verbose stack D .README.md.swp
5 verbose stack D .swp
5 verbose stack D lib/.route.js.swp
5 verbose stack D npm-debug.log
5 verbose stack     at /usr/local/lib/node_modules/npm/lib/version.js:138:37
5 verbose stack     at /usr/local/lib/node_modules/npm/lib/utils/git.js:26:8
5 verbose stack     at ChildProcess.exithandler (child_process.js:742:7)
5 verbose stack     at ChildProcess.emit (events.js:110:17)
5 verbose stack     at maybeClose (child_process.js:1015:16)
5 verbose stack     at Process.ChildProcess._handle.onexit (child_process.js:1087:5)
6 verbose cwd /root/projects/new-sequelize-restful
7 error Linux 3.13.0-30-generic
8 error argv "/usr/local/bin/node" "/usr/local/bin/npm" "version" "patch"
9 error node v0.12.2
10 error npm  v2.7.4
11 error Git working directory not clean.
11 error D .README.md.swp
11 error D .swp
11 error D lib/.route.js.swp
11 error D npm-debug.log
12 error If you need help, you may report this error at:
12 error     <https://github.com/npm/npm/issues>
13 verbose exit [ 1, true ]
